<?xml version="1.0" encoding="UTF-8"?>
<!-- Generated by org.testng.reporters.JUnitReportReporter -->
<testsuite hostname="RAQLPT-390" name="defaultPackage.Scenario" tests="1" failures="0" timestamp="18 Apr 2017 13:07:12 GMT" time="61.093" errors="0">
  <testcase name="test" time="61.093" classname="defaultPackage.Scenario"/>
</testsuite> <!-- defaultPackage.Scenario -->
